INFO save_task_id 2024/12/08 11:26:56 PM 获取保存文件的TASKID
INFO save_task_id 2024/12/08 11:26:56 PM {'status': 200, 'code': 0, 'message': 'ok', 'timestamp': 1733671616, 'data': {'task_id': 'eb3403afd94643b8bb59e901be9b1c40'}, 'metadata': {'tq_gap': 500}}
INFO task 2024/12/08 11:26:56 PM 根据TASKID执行任务
INFO task 2024/12/08 11:26:57 PM {'status': 200, 'code': 0, 'message': 'ok', 'timestamp': 1733671616, 'data': {'task_id': 'eb3403afd94643b8bb59e901be9b1c40', 'event_id': '97y02o-2482e721ef4ea8', 'task_type': 17, 'task_title': '分享-转存', 'status': 0, 'created_at': 1733671616517, 'share': {}, 'save_as': {'to_pdir_fid': 'ddc51a5bfb7c4ce69e7143f471b5cb51', 'is_pack': '0', 'save_as_top_fids': [], 'save_as_select_top_fids': []}}, 'metadata': {'tq_gap': 500}}
INFO task 2024/12/08 11:26:57 PM {'status': 200, 'code': 0, 'message': 'ok', 'timestamp': 1733671616, 'data': {'task_id': 'eb3403afd94643b8bb59e901be9b1c40', 'event_id': '97y02o-2482e721ef4ea8', 'task_type': 17, 'task_title': '分享-转存', 'status': 0, 'created_at': 1733671616517, 'share': {}, 'save_as': {'to_pdir_fid': 'ddc51a5bfb7c4ce69e7143f471b5cb51', 'is_pack': '0', 'save_as_top_fids': [], 'save_as_select_top_fids': []}}, 'metadata': {'tq_gap': 500}}
INFO task 2024/12/08 11:26:57 PM {'status': 200, 'code': 0, 'message': 'ok', 'timestamp': 1733671617, 'data': {'task_id': 'eb3403afd94643b8bb59e901be9b1c40', 'event_id': '97y02o-2482e721ef4ea8', 'task_type': 17, 'task_title': '分享-转存', 'status': 0, 'created_at': 1733671616517, 'share': {}, 'save_as': {'to_pdir_fid': 'ddc51a5bfb7c4ce69e7143f471b5cb51', 'is_pack': '0', 'save_as_top_fids': [], 'save_as_select_top_fids': []}}, 'metadata': {'tq_gap': 500}}
INFO task 2024/12/08 11:26:57 PM {'status': 200, 'code': 0, 'message': 'ok', 'timestamp': 1733671617, 'data': {'task_id': 'eb3403afd94643b8bb59e901be9b1c40', 'event_id': '97y02o-2482e721ef4ea8', 'task_type': 17, 'task_title': '分享-转存', 'status': 0, 'created_at': 1733671616517, 'share': {}, 'save_as': {'to_pdir_fid': 'ddc51a5bfb7c4ce69e7143f471b5cb51', 'is_pack': '0', 'save_as_top_fids': [], 'save_as_select_top_fids': []}}, 'metadata': {'tq_gap': 500}}
INFO task 2024/12/08 11:26:58 PM {'status': 200, 'code': 0, 'message': 'ok', 'timestamp': 1733671617, 'data': {'task_id': 'eb3403afd94643b8bb59e901be9b1c40', 'event_id': '97y02o-2482e721ef4ea8', 'task_type': 17, 'task_title': '分享-转存', 'status': 2, 'created_at': 1733671616517, 'finished_at': 1733671617689, 'share': {}, 'save_as': {'search_exit': True, 'to_pdir_fid': 'ddc51a5bfb7c4ce69e7143f471b5cb51', 'save_as_sum_num': 65, 'is_pack': '0', 'save_as_top_fids': ['448cd70b88f8423380eb7863d3229101'], 'save_as_select_top_fids': [], 'to_pdir_name': '影视'}}, 'metadata': {'tq_gap': 500}}
INFO get_dir_file 2024/12/08 11:26:58 PM 正在遍历父文件夹
INFO del_ad_file 2024/12/08 11:27:19 PM 删除可能存在广告的文件
INFO task 2024/12/08 11:27:19 PM 根据TASKID执行任务
INFO task 2024/12/08 11:27:19 PM {'status': 200, 'code': 0, 'message': 'ok', 'timestamp': 1733671639, 'data': {'task_id': 'fdfe5e904e364999b73bcebb194fb678', 'event_id': '97xvi6-2482e74eb58a35', 'task_type': 8, 'task_title': '分享', 'status': 0, 'created_at': 1733671639437, 'share': {}, 'save_as': {'is_pack': '0', 'save_as_top_fids': [], 'save_as_select_top_fids': []}}, 'metadata': {'tq_gap': 500}}
INFO task 2024/12/08 11:27:20 PM {'status': 200, 'code': 0, 'message': 'ok', 'timestamp': 1733671639, 'data': {'task_id': 'fdfe5e904e364999b73bcebb194fb678', 'event_id': '97xvi6-2482e74eb58a35', 'task_type': 8, 'task_title': '分享', 'status': 2, 'created_at': 1733671639437, 'finished_at': 1733671639741, 'share_id': 'a63ffca0e08d4b35b91d4b9ea6b670d0', 'share': {}, 'save_as': {'is_pack': '0', 'save_as_top_fids': [], 'save_as_select_top_fids': []}, 'creation_snapshot': {'success_count': 65, 'failed_count': 0}}, 'metadata': {'tq_gap': 500}}
INFO save_task_id 2024/12/08 11:27:21 PM 获取保存文件的TASKID
INFO save_task_id 2024/12/08 11:27:22 PM {'status': 200, 'code': 0, 'message': 'ok', 'timestamp': 1733671641, 'data': {'task_id': 'd505b968f4ca4233a63a0180e048ea06'}, 'metadata': {'tq_gap': 500}}
INFO task 2024/12/08 11:27:22 PM 根据TASKID执行任务
INFO task 2024/12/08 11:27:22 PM {'status': 200, 'code': 0, 'message': 'ok', 'timestamp': 1733671642, 'data': {'task_id': 'd505b968f4ca4233a63a0180e048ea06', 'event_id': '99fqoj-2482e7531f376d', 'task_type': 17, 'task_title': '分享-转存', 'status': 0, 'created_at': 1733671641702, 'share': {}, 'save_as': {'to_pdir_fid': 'ddc51a5bfb7c4ce69e7143f471b5cb51', 'is_pack': '0', 'save_as_top_fids': [], 'save_as_select_top_fids': []}}, 'metadata': {'tq_gap': 500}}
INFO task 2024/12/08 11:27:22 PM {'status': 200, 'code': 0, 'message': 'ok', 'timestamp': 1733671642, 'data': {'task_id': 'd505b968f4ca4233a63a0180e048ea06', 'event_id': '99fqoj-2482e7531f376d', 'task_type': 17, 'task_title': '分享-转存', 'status': 2, 'created_at': 1733671641702, 'finished_at': 1733671642423, 'share': {}, 'save_as': {'search_exit': True, 'to_pdir_fid': 'ddc51a5bfb7c4ce69e7143f471b5cb51', 'save_as_sum_num': 33, 'is_pack': '0', 'save_as_top_fids': ['a57bbd2aa21547c49781d55d15a00a1c'], 'save_as_select_top_fids': [], 'to_pdir_name': '影视'}}, 'metadata': {'tq_gap': 500}}
INFO get_dir_file 2024/12/08 11:27:22 PM 正在遍历父文件夹
INFO del_ad_file 2024/12/08 11:27:23 PM 删除可能存在广告的文件
INFO task 2024/12/08 11:27:24 PM 根据TASKID执行任务
INFO task 2024/12/08 11:27:24 PM {'status': 200, 'code': 0, 'message': 'ok', 'timestamp': 1733671644, 'data': {'task_id': 'b698e452cbe343ec95fd10c935c11876', 'event_id': '97xuow-2482e7572ee379', 'task_type': 8, 'task_title': '分享', 'status': 2, 'created_at': 1733671643774, 'finished_at': 1733671644016, 'share_id': '7def8c2dce44476aa26109cdbf590ca2', 'share': {}, 'save_as': {'is_pack': '0', 'save_as_top_fids': [], 'save_as_select_top_fids': []}, 'creation_snapshot': {'success_count': 33, 'failed_count': 0}}, 'metadata': {'tq_gap': 500}}
INFO save_task_id 2024/12/08 11:27:26 PM 获取保存文件的TASKID
INFO save_task_id 2024/12/08 11:27:26 PM {'status': 200, 'code': 0, 'message': 'ok', 'timestamp': 1733671646, 'data': {'task_id': 'f1603f41a8364a839d74f6073ef54c48'}, 'metadata': {'tq_gap': 500}}
INFO task 2024/12/08 11:27:26 PM 根据TASKID执行任务
INFO task 2024/12/08 11:27:26 PM {'status': 200, 'code': 0, 'message': 'ok', 'timestamp': 1733671646, 'data': {'task_id': 'f1603f41a8364a839d74f6073ef54c48', 'event_id': '97y4pd-2482e75bb3b0c5', 'task_type': 17, 'task_title': '分享-转存', 'status': 0, 'created_at': 1733671646076, 'share': {}, 'save_as': {'to_pdir_fid': 'ddc51a5bfb7c4ce69e7143f471b5cb51', 'is_pack': '0', 'save_as_top_fids': [], 'save_as_select_top_fids': []}}, 'metadata': {'tq_gap': 500}}
INFO task 2024/12/08 11:27:26 PM {'status': 200, 'code': 0, 'message': 'ok', 'timestamp': 1733671646, 'data': {'task_id': 'f1603f41a8364a839d74f6073ef54c48', 'event_id': '97y4pd-2482e75bb3b0c5', 'task_type': 17, 'task_title': '分享-转存', 'status': 0, 'created_at': 1733671646076, 'share': {}, 'save_as': {'to_pdir_fid': 'ddc51a5bfb7c4ce69e7143f471b5cb51', 'is_pack': '0', 'save_as_top_fids': [], 'save_as_select_top_fids': []}}, 'metadata': {'tq_gap': 500}}
INFO task 2024/12/08 11:27:27 PM {'status': 200, 'code': 0, 'message': 'ok', 'timestamp': 1733671646, 'data': {'task_id': 'f1603f41a8364a839d74f6073ef54c48', 'event_id': '97y4pd-2482e75bb3b0c5', 'task_type': 17, 'task_title': '分享-转存', 'status': 2, 'created_at': 1733671646076, 'finished_at': 1733671646712, 'share': {}, 'save_as': {'search_exit': True, 'to_pdir_fid': 'ddc51a5bfb7c4ce69e7143f471b5cb51', 'save_as_sum_num': 35, 'is_pack': '0', 'save_as_top_fids': ['0a79414a7f9b434681417480aede07fd'], 'save_as_select_top_fids': [], 'to_pdir_name': '影视'}}, 'metadata': {'tq_gap': 500}}
INFO get_dir_file 2024/12/08 11:27:27 PM 正在遍历父文件夹
INFO del_ad_file 2024/12/08 11:27:27 PM 删除可能存在广告的文件
INFO task 2024/12/08 11:27:27 PM 根据TASKID执行任务
INFO task 2024/12/08 11:27:28 PM {'status': 200, 'code': 0, 'message': 'ok', 'timestamp': 1733671647, 'data': {'task_id': '53a9b8fade6749de81276d8d5a11e86a', 'event_id': '99fij7-2482e75e675316', 'task_type': 8, 'task_title': '分享', 'status': 0, 'created_at': 1733671647468, 'share': {}, 'save_as': {'is_pack': '0', 'save_as_top_fids': [], 'save_as_select_top_fids': []}}, 'metadata': {'tq_gap': 500}}
INFO task 2024/12/08 11:27:28 PM {'status': 200, 'code': 0, 'message': 'ok', 'timestamp': 1733671648, 'data': {'task_id': '53a9b8fade6749de81276d8d5a11e86a', 'event_id': '99fij7-2482e75e675316', 'task_type': 8, 'task_title': '分享', 'status': 2, 'created_at': 1733671647468, 'finished_at': 1733671647776, 'share_id': '0f1bb72a255042be8c94cf2e5838969c', 'share': {}, 'save_as': {'is_pack': '0', 'save_as_top_fids': [], 'save_as_select_top_fids': []}, 'creation_snapshot': {'success_count': 35, 'failed_count': 0}}, 'metadata': {'tq_gap': 500}}
INFO save_task_id 2024/12/08 11:27:30 PM 获取保存文件的TASKID
INFO save_task_id 2024/12/08 11:27:30 PM {'status': 200, 'code': 0, 'message': 'ok', 'timestamp': 1733671650, 'data': {'task_id': 'e5d7ea0be27845dba09af13c8b4b785f'}, 'metadata': {'tq_gap': 500}}
INFO task 2024/12/08 11:27:30 PM 根据TASKID执行任务
INFO task 2024/12/08 11:27:30 PM {'status': 200, 'code': 0, 'message': 'ok', 'timestamp': 1733671650, 'data': {'task_id': 'e5d7ea0be27845dba09af13c8b4b785f', 'event_id': '97xzr9-2482e76355084d', 'task_type': 17, 'task_title': '分享-转存', 'status': 0, 'created_at': 1733671649995, 'share': {}, 'save_as': {'to_pdir_fid': 'ddc51a5bfb7c4ce69e7143f471b5cb51', 'is_pack': '0', 'save_as_top_fids': [], 'save_as_select_top_fids': []}}, 'metadata': {'tq_gap': 500}}
INFO task 2024/12/08 11:27:30 PM {'status': 200, 'code': 0, 'message': 'ok', 'timestamp': 1733671650, 'data': {'task_id': 'e5d7ea0be27845dba09af13c8b4b785f', 'event_id': '97xzr9-2482e76355084d', 'task_type': 17, 'task_title': '分享-转存', 'status': 0, 'created_at': 1733671649995, 'share': {}, 'save_as': {'to_pdir_fid': 'ddc51a5bfb7c4ce69e7143f471b5cb51', 'is_pack': '0', 'save_as_top_fids': [], 'save_as_select_top_fids': []}}, 'metadata': {'tq_gap': 500}}
INFO task 2024/12/08 11:27:31 PM {'status': 200, 'code': 0, 'message': 'ok', 'timestamp': 1733671650, 'data': {'task_id': 'e5d7ea0be27845dba09af13c8b4b785f', 'event_id': '97xzr9-2482e76355084d', 'task_type': 17, 'task_title': '分享-转存', 'status': 0, 'created_at': 1733671649995, 'share': {}, 'save_as': {'to_pdir_fid': 'ddc51a5bfb7c4ce69e7143f471b5cb51', 'is_pack': '0', 'save_as_top_fids': [], 'save_as_select_top_fids': []}}, 'metadata': {'tq_gap': 500}}
INFO task 2024/12/08 11:27:31 PM {'status': 200, 'code': 0, 'message': 'ok', 'timestamp': 1733671651, 'data': {'task_id': 'e5d7ea0be27845dba09af13c8b4b785f', 'event_id': '97xzr9-2482e76355084d', 'task_type': 17, 'task_title': '分享-转存', 'status': 0, 'created_at': 1733671649995, 'share': {}, 'save_as': {'to_pdir_fid': 'ddc51a5bfb7c4ce69e7143f471b5cb51', 'is_pack': '0', 'save_as_top_fids': [], 'save_as_select_top_fids': []}}, 'metadata': {'tq_gap': 500}}
INFO task 2024/12/08 11:27:31 PM {'status': 200, 'code': 0, 'message': 'ok', 'timestamp': 1733671651, 'data': {'task_id': 'e5d7ea0be27845dba09af13c8b4b785f', 'event_id': '97xzr9-2482e76355084d', 'task_type': 17, 'task_title': '分享-转存', 'status': 2, 'created_at': 1733671649995, 'finished_at': 1733671651305, 'share': {}, 'save_as': {'search_exit': True, 'to_pdir_fid': 'ddc51a5bfb7c4ce69e7143f471b5cb51', 'save_as_sum_num': 61, 'is_pack': '0', 'save_as_top_fids': ['8a65957fd93b41abb0fd08e820ea9a40'], 'save_as_select_top_fids': [], 'to_pdir_name': '影视'}}, 'metadata': {'tq_gap': 500}}
INFO get_dir_file 2024/12/08 11:27:31 PM 正在遍历父文件夹
INFO del_ad_file 2024/12/08 11:27:32 PM 删除可能存在广告的文件
INFO task 2024/12/08 11:27:32 PM 根据TASKID执行任务
INFO task 2024/12/08 11:27:33 PM {'status': 200, 'code': 0, 'message': 'ok', 'timestamp': 1733671652, 'data': {'task_id': '23e8a0262f524617893ec9995323d58c', 'event_id': '99fe79-2482e768a06ec0', 'task_type': 8, 'task_title': '分享', 'status': 0, 'created_at': 1733671652702, 'share': {}, 'save_as': {'is_pack': '0', 'save_as_top_fids': [], 'save_as_select_top_fids': []}}, 'metadata': {'tq_gap': 500}}
INFO task 2024/12/08 11:27:33 PM {'status': 200, 'code': 0, 'message': 'ok', 'timestamp': 1733671653, 'data': {'task_id': '23e8a0262f524617893ec9995323d58c', 'event_id': '99fe79-2482e768a06ec0', 'task_type': 8, 'task_title': '分享', 'status': 2, 'created_at': 1733671652702, 'finished_at': 1733671652978, 'share_id': '96b105e0e725429a9eab1429427d18ff', 'share': {}, 'save_as': {'is_pack': '0', 'save_as_top_fids': [], 'save_as_select_top_fids': []}, 'creation_snapshot': {'success_count': 61, 'failed_count': 0}}, 'metadata': {'tq_gap': 500}}
INFO save_task_id 2024/12/08 11:27:35 PM 获取保存文件的TASKID
INFO save_task_id 2024/12/08 11:27:35 PM {'status': 200, 'code': 0, 'message': 'ok', 'timestamp': 1733671655, 'data': {'task_id': 'c5629d494e3b484abcc327380b211ab0'}, 'metadata': {'tq_gap': 500}}
INFO task 2024/12/08 11:27:35 PM 根据TASKID执行任务
INFO task 2024/12/08 11:27:35 PM {'status': 200, 'code': 0, 'message': 'ok', 'timestamp': 1733671655, 'data': {'task_id': 'c5629d494e3b484abcc327380b211ab0', 'event_id': '97xusl-2482e76d6a2a21', 'task_type': 17, 'task_title': '分享-转存', 'status': 0, 'created_at': 1733671655142, 'share': {}, 'save_as': {'to_pdir_fid': 'ddc51a5bfb7c4ce69e7143f471b5cb51', 'is_pack': '0', 'save_as_top_fids': [], 'save_as_select_top_fids': []}}, 'metadata': {'tq_gap': 500}}
INFO task 2024/12/08 11:27:36 PM {'status': 200, 'code': 0, 'message': 'ok', 'timestamp': 1733671655, 'data': {'task_id': 'c5629d494e3b484abcc327380b211ab0', 'event_id': '97xusl-2482e76d6a2a21', 'task_type': 17, 'task_title': '分享-转存', 'status': 2, 'created_at': 1733671655142, 'finished_at': 1733671655740, 'share': {}, 'save_as': {'search_exit': True, 'to_pdir_fid': 'ddc51a5bfb7c4ce69e7143f471b5cb51', 'save_as_sum_num': 93, 'is_pack': '0', 'save_as_top_fids': ['37d051c68af14365888b335645895a26'], 'save_as_select_top_fids': [], 'to_pdir_name': '影视'}}, 'metadata': {'tq_gap': 500}}
INFO get_dir_file 2024/12/08 11:27:36 PM 正在遍历父文件夹
INFO del_ad_file 2024/12/08 11:27:37 PM 删除可能存在广告的文件
INFO task 2024/12/08 11:27:37 PM 根据TASKID执行任务
INFO task 2024/12/08 11:27:37 PM {'status': 200, 'code': 0, 'message': 'ok', 'timestamp': 1733671657, 'data': {'task_id': 'bc5be47ba84c4d5b97fb4fe91edf68bb', 'event_id': '99fet8-2482e7714dd6f3', 'task_type': 8, 'task_title': '分享', 'status': 0, 'created_at': 1733671657146, 'share': {}, 'save_as': {'is_pack': '0', 'save_as_top_fids': [], 'save_as_select_top_fids': []}}, 'metadata': {'tq_gap': 500}}
INFO task 2024/12/08 11:27:37 PM {'status': 200, 'code': 0, 'message': 'ok', 'timestamp': 1733671657, 'data': {'task_id': 'bc5be47ba84c4d5b97fb4fe91edf68bb', 'event_id': '99fet8-2482e7714dd6f3', 'task_type': 8, 'task_title': '分享', 'status': 2, 'created_at': 1733671657146, 'finished_at': 1733671657416, 'share_id': '6dd2fa7dfbf34739bbc4a45f135c7980', 'share': {}, 'save_as': {'is_pack': '0', 'save_as_top_fids': [], 'save_as_select_top_fids': []}, 'creation_snapshot': {'success_count': 93, 'failed_count': 0}}, 'metadata': {'tq_gap': 500}}
INFO save_task_id 2024/12/08 11:27:59 PM 获取保存文件的TASKID
INFO save_task_id 2024/12/08 11:28:00 PM {'status': 200, 'code': 0, 'message': 'ok', 'timestamp': 1733671679, 'data': {'task_id': 'ae1e9b65acc54111be82fcc672f3a603'}, 'metadata': {'tq_gap': 500}}
INFO task 2024/12/08 11:28:00 PM 根据TASKID执行任务
INFO task 2024/12/08 11:28:00 PM {'status': 200, 'code': 0, 'message': 'ok', 'timestamp': 1733671679, 'data': {'task_id': 'ae1e9b65acc54111be82fcc672f3a603', 'event_id': '99feq1-2482e79d6c6d51', 'task_type': 17, 'task_title': '分享-转存', 'status': 0, 'created_at': 1733671679727, 'share': {}, 'save_as': {'to_pdir_fid': 'ddc51a5bfb7c4ce69e7143f471b5cb51', 'is_pack': '0', 'save_as_top_fids': [], 'save_as_select_top_fids': []}}, 'metadata': {'tq_gap': 500}}
INFO task 2024/12/08 11:28:00 PM {'status': 200, 'code': 0, 'message': 'ok', 'timestamp': 1733671680, 'data': {'task_id': 'ae1e9b65acc54111be82fcc672f3a603', 'event_id': '99feq1-2482e79d6c6d51', 'task_type': 17, 'task_title': '分享-转存', 'status': 2, 'created_at': 1733671679727, 'finished_at': 1733671680390, 'share': {}, 'save_as': {'search_exit': True, 'to_pdir_fid': 'ddc51a5bfb7c4ce69e7143f471b5cb51', 'save_as_sum_num': 98, 'is_pack': '0', 'save_as_top_fids': ['e53c93cb4f8146248afb24140319b510'], 'save_as_select_top_fids': [], 'to_pdir_name': '影视'}}, 'metadata': {'tq_gap': 500}}
INFO get_dir_file 2024/12/08 11:28:00 PM 正在遍历父文件夹
INFO del_ad_file 2024/12/08 11:28:01 PM 删除可能存在广告的文件
INFO task 2024/12/08 11:28:01 PM 根据TASKID执行任务
INFO task 2024/12/08 11:28:01 PM {'status': 200, 'code': 0, 'message': 'ok', 'timestamp': 1733671681, 'data': {'task_id': 'abf4b1dee79b4378b1a6ebfa99b8de64', 'event_id': '97xzrj-2482e7a02b053d', 'task_type': 8, 'task_title': '分享', 'status': 0, 'created_at': 1733671681217, 'share': {}, 'save_as': {'is_pack': '0', 'save_as_top_fids': [], 'save_as_select_top_fids': []}}, 'metadata': {'tq_gap': 500}}
INFO task 2024/12/08 11:28:01 PM {'status': 200, 'code': 0, 'message': 'ok', 'timestamp': 1733671681, 'data': {'task_id': 'abf4b1dee79b4378b1a6ebfa99b8de64', 'event_id': '97xzrj-2482e7a02b053d', 'task_type': 8, 'task_title': '分享', 'status': 0, 'created_at': 1733671681217, 'share': {}, 'save_as': {'is_pack': '0', 'save_as_top_fids': [], 'save_as_select_top_fids': []}}, 'metadata': {'tq_gap': 500}}
INFO task 2024/12/08 11:28:02 PM {'status': 200, 'code': 0, 'message': 'ok', 'timestamp': 1733671681, 'data': {'task_id': 'abf4b1dee79b4378b1a6ebfa99b8de64', 'event_id': '97xzrj-2482e7a02b053d', 'task_type': 8, 'task_title': '分享', 'status': 0, 'created_at': 1733671681217, 'share': {}, 'save_as': {'is_pack': '0', 'save_as_top_fids': [], 'save_as_select_top_fids': []}}, 'metadata': {'tq_gap': 500}}
INFO task 2024/12/08 11:28:02 PM {'status': 200, 'code': 0, 'message': 'ok', 'timestamp': 1733671682, 'data': {'task_id': 'abf4b1dee79b4378b1a6ebfa99b8de64', 'event_id': '97xzrj-2482e7a02b053d', 'task_type': 8, 'task_title': '分享', 'status': 2, 'created_at': 1733671681217, 'finished_at': 1733671681974, 'share_id': '9706a6a86afa439a9a387a0d8c6a1ddd', 'share': {}, 'save_as': {'is_pack': '0', 'save_as_top_fids': [], 'save_as_select_top_fids': []}, 'creation_snapshot': {'success_count': 98, 'failed_count': 0}}, 'metadata': {'tq_gap': 500}}
INFO save_task_id 2024/12/08 11:28:03 PM 获取保存文件的TASKID
INFO save_task_id 2024/12/08 11:28:04 PM {'status': 200, 'code': 0, 'message': 'ok', 'timestamp': 1733671683, 'data': {'task_id': 'a4e95b6b025c426db55130ab9cdfc145'}, 'metadata': {'tq_gap': 500}}
INFO task 2024/12/08 11:28:04 PM 根据TASKID执行任务
INFO task 2024/12/08 11:28:04 PM {'status': 200, 'code': 0, 'message': 'ok', 'timestamp': 1733671684, 'data': {'task_id': 'a4e95b6b025c426db55130ab9cdfc145', 'event_id': '97xvsh-2482e7a57f38a2', 'task_type': 17, 'task_title': '分享-转存', 'status': 0, 'created_at': 1733671683867, 'share': {}, 'save_as': {'to_pdir_fid': 'ddc51a5bfb7c4ce69e7143f471b5cb51', 'is_pack': '0', 'save_as_top_fids': [], 'save_as_select_top_fids': []}}, 'metadata': {'tq_gap': 500}}
INFO task 2024/12/08 11:28:04 PM {'status': 200, 'code': 0, 'message': 'ok', 'timestamp': 1733671684, 'data': {'task_id': 'a4e95b6b025c426db55130ab9cdfc145', 'event_id': '97xvsh-2482e7a57f38a2', 'task_type': 17, 'task_title': '分享-转存', 'status': 0, 'created_at': 1733671683867, 'share': {}, 'save_as': {'to_pdir_fid': 'ddc51a5bfb7c4ce69e7143f471b5cb51', 'is_pack': '0', 'save_as_top_fids': [], 'save_as_select_top_fids': []}}, 'metadata': {'tq_gap': 500}}
INFO task 2024/12/08 11:28:04 PM {'status': 200, 'code': 0, 'message': 'ok', 'timestamp': 1733671684, 'data': {'task_id': 'a4e95b6b025c426db55130ab9cdfc145', 'event_id': '97xvsh-2482e7a57f38a2', 'task_type': 17, 'task_title': '分享-转存', 'status': 0, 'created_at': 1733671683867, 'share': {}, 'save_as': {'to_pdir_fid': 'ddc51a5bfb7c4ce69e7143f471b5cb51', 'is_pack': '0', 'save_as_top_fids': [], 'save_as_select_top_fids': []}}, 'metadata': {'tq_gap': 500}}
INFO task 2024/12/08 11:28:05 PM {'status': 200, 'code': 0, 'message': 'ok', 'timestamp': 1733671684, 'data': {'task_id': 'a4e95b6b025c426db55130ab9cdfc145', 'event_id': '97xvsh-2482e7a57f38a2', 'task_type': 17, 'task_title': '分享-转存', 'status': 2, 'created_at': 1733671683867, 'finished_at': 1733671684692, 'share': {}, 'save_as': {'search_exit': True, 'to_pdir_fid': 'ddc51a5bfb7c4ce69e7143f471b5cb51', 'save_as_sum_num': 33, 'is_pack': '0', 'save_as_top_fids': ['af44171658ef4d5e8fc30db5d2423d74'], 'save_as_select_top_fids': [], 'to_pdir_name': '影视'}}, 'metadata': {'tq_gap': 500}}
INFO get_dir_file 2024/12/08 11:28:05 PM 正在遍历父文件夹
INFO del_ad_file 2024/12/08 11:28:05 PM 删除可能存在广告的文件
INFO task 2024/12/08 11:28:05 PM 根据TASKID执行任务
INFO task 2024/12/08 11:28:06 PM {'status': 200, 'code': 0, 'message': 'ok', 'timestamp': 1733671685, 'data': {'task_id': '4202099b39bd4630b39330e9bcc1eb28', 'event_id': '99flyy-2482e7a8e07fc5', 'task_type': 8, 'task_title': '分享', 'status': 0, 'created_at': 1733671685600, 'share': {}, 'save_as': {'is_pack': '0', 'save_as_top_fids': [], 'save_as_select_top_fids': []}}, 'metadata': {'tq_gap': 500}}
INFO task 2024/12/08 11:28:06 PM {'status': 200, 'code': 0, 'message': 'ok', 'timestamp': 1733671686, 'data': {'task_id': '4202099b39bd4630b39330e9bcc1eb28', 'event_id': '99flyy-2482e7a8e07fc5', 'task_type': 8, 'task_title': '分享', 'status': 0, 'created_at': 1733671685600, 'share': {}, 'save_as': {'is_pack': '0', 'save_as_top_fids': [], 'save_as_select_top_fids': []}}, 'metadata': {'tq_gap': 500}}
INFO task 2024/12/08 11:28:06 PM {'status': 200, 'code': 0, 'message': 'ok', 'timestamp': 1733671686, 'data': {'task_id': '4202099b39bd4630b39330e9bcc1eb28', 'event_id': '99flyy-2482e7a8e07fc5', 'task_type': 8, 'task_title': '分享', 'status': 2, 'created_at': 1733671685600, 'finished_at': 1733671686123, 'share_id': 'e6134b7fd3da48589657ba899ae72cd6', 'share': {}, 'save_as': {'is_pack': '0', 'save_as_top_fids': [], 'save_as_select_top_fids': []}, 'creation_snapshot': {'success_count': 33, 'failed_count': 0}}, 'metadata': {'tq_gap': 500}}
INFO save_task_id 2024/12/08 11:28:07 PM 获取保存文件的TASKID
INFO save_task_id 2024/12/08 11:28:07 PM {'status': 200, 'code': 0, 'message': 'ok', 'timestamp': 1733671687, 'data': {'task_id': '92fb568278a54d09b857f4191f037c4d'}, 'metadata': {'tq_gap': 500}}
INFO task 2024/12/08 11:28:07 PM 根据TASKID执行任务
INFO task 2024/12/08 11:28:08 PM {'status': 200, 'code': 0, 'message': 'ok', 'timestamp': 1733671687, 'data': {'task_id': '92fb568278a54d09b857f4191f037c4d', 'event_id': '99fkyt-2482e7ac8ae96e', 'task_type': 17, 'task_title': '分享-转存', 'status': 0, 'created_at': 1733671687536, 'share': {}, 'save_as': {'to_pdir_fid': 'ddc51a5bfb7c4ce69e7143f471b5cb51', 'is_pack': '0', 'save_as_top_fids': [], 'save_as_select_top_fids': []}}, 'metadata': {'tq_gap': 500}}
INFO task 2024/12/08 11:28:08 PM {'status': 200, 'code': 0, 'message': 'ok', 'timestamp': 1733671688, 'data': {'task_id': '92fb568278a54d09b857f4191f037c4d', 'event_id': '99fkyt-2482e7ac8ae96e', 'task_type': 17, 'task_title': '分享-转存', 'status': 0, 'created_at': 1733671687536, 'share': {}, 'save_as': {'to_pdir_fid': 'ddc51a5bfb7c4ce69e7143f471b5cb51', 'is_pack': '0', 'save_as_top_fids': [], 'save_as_select_top_fids': []}}, 'metadata': {'tq_gap': 500}}
INFO task 2024/12/08 11:28:08 PM {'status': 200, 'code': 0, 'message': 'ok', 'timestamp': 1733671688, 'data': {'task_id': '92fb568278a54d09b857f4191f037c4d', 'event_id': '99fkyt-2482e7ac8ae96e', 'task_type': 17, 'task_title': '分享-转存', 'status': 0, 'created_at': 1733671687536, 'share': {}, 'save_as': {'to_pdir_fid': 'ddc51a5bfb7c4ce69e7143f471b5cb51', 'is_pack': '0', 'save_as_top_fids': [], 'save_as_select_top_fids': []}}, 'metadata': {'tq_gap': 500}}
INFO task 2024/12/08 11:28:08 PM {'status': 200, 'code': 0, 'message': 'ok', 'timestamp': 1733671688, 'data': {'task_id': '92fb568278a54d09b857f4191f037c4d', 'event_id': '99fkyt-2482e7ac8ae96e', 'task_type': 17, 'task_title': '分享-转存', 'status': 2, 'created_at': 1733671687536, 'finished_at': 1733671688384, 'share': {}, 'save_as': {'search_exit': True, 'to_pdir_fid': 'ddc51a5bfb7c4ce69e7143f471b5cb51', 'save_as_sum_num': 35, 'is_pack': '0', 'save_as_top_fids': ['04650e39858f4fcab46a464641f54bf5'], 'save_as_select_top_fids': [], 'to_pdir_name': '影视'}}, 'metadata': {'tq_gap': 500}}
INFO get_dir_file 2024/12/08 11:28:08 PM 正在遍历父文件夹
INFO del_ad_file 2024/12/08 11:28:09 PM 删除可能存在广告的文件
INFO task 2024/12/08 11:28:09 PM 根据TASKID执行任务
INFO task 2024/12/08 11:28:09 PM {'status': 200, 'code': 0, 'message': 'ok', 'timestamp': 1733671689, 'data': {'task_id': 'ff012f93d0b74ea0a60c53396c5ceef5', 'event_id': '97y3vs-2482e7afa2f230', 'task_type': 8, 'task_title': '分享', 'status': 2, 'created_at': 1733671689070, 'finished_at': 1733671689294, 'share_id': 'b364f4e9c3d84b78a5638b4488523027', 'share': {}, 'save_as': {'is_pack': '0', 'save_as_top_fids': [], 'save_as_select_top_fids': []}, 'creation_snapshot': {'success_count': 35, 'failed_count': 0}}, 'metadata': {'tq_gap': 500}}
INFO save_task_id 2024/12/08 11:28:31 PM 获取保存文件的TASKID
INFO save_task_id 2024/12/08 11:28:31 PM {'status': 200, 'code': 0, 'message': 'ok', 'timestamp': 1733671711, 'data': {'task_id': '030c55c953ad4ba68925996c3d53c111'}, 'metadata': {'tq_gap': 500}}
INFO task 2024/12/08 11:28:31 PM 根据TASKID执行任务
INFO task 2024/12/08 11:28:32 PM {'status': 200, 'code': 0, 'message': 'ok', 'timestamp': 1733671711, 'data': {'task_id': '030c55c953ad4ba68925996c3d53c111', 'event_id': '97xw6o-2482e7db626308', 'task_type': 17, 'task_title': '分享-转存', 'status': 0, 'created_at': 1733671711457, 'share': {}, 'save_as': {'to_pdir_fid': 'ddc51a5bfb7c4ce69e7143f471b5cb51', 'is_pack': '0', 'save_as_top_fids': [], 'save_as_select_top_fids': []}}, 'metadata': {'tq_gap': 500}}
INFO task 2024/12/08 11:28:32 PM {'status': 200, 'code': 0, 'message': 'ok', 'timestamp': 1733671712, 'data': {'task_id': '030c55c953ad4ba68925996c3d53c111', 'event_id': '97xw6o-2482e7db626308', 'task_type': 17, 'task_title': '分享-转存', 'status': 0, 'created_at': 1733671711457, 'share': {}, 'save_as': {'to_pdir_fid': 'ddc51a5bfb7c4ce69e7143f471b5cb51', 'is_pack': '0', 'save_as_top_fids': [], 'save_as_select_top_fids': []}}, 'metadata': {'tq_gap': 500}}
INFO task 2024/12/08 11:28:53 PM {'status': 200, 'code': 0, 'message': 'ok', 'timestamp': 1733671733, 'data': {'task_id': '030c55c953ad4ba68925996c3d53c111', 'event_id': '97xw6o-2482e7db626308', 'task_type': 17, 'task_title': '分享-转存', 'status': 2, 'created_at': 1733671711457, 'finished_at': 1733671712866, 'share': {}, 'save_as': {'search_exit': True, 'to_pdir_fid': 'ddc51a5bfb7c4ce69e7143f471b5cb51', 'save_as_sum_num': 70, 'is_pack': '0', 'save_as_top_fids': ['1c8b4d8e79334e3c863646b2bb52d397'], 'save_as_select_top_fids': [], 'to_pdir_name': '影视'}}, 'metadata': {'tq_gap': 500}}
INFO get_dir_file 2024/12/08 11:28:53 PM 正在遍历父文件夹
INFO del_ad_file 2024/12/08 11:28:54 PM 删除可能存在广告的文件
INFO task 2024/12/08 11:28:54 PM 根据TASKID执行任务
INFO task 2024/12/08 11:28:54 PM {'status': 200, 'code': 0, 'message': 'ok', 'timestamp': 1733671734, 'data': {'task_id': '83825448d68a41abb6e0caa6b383fb76', 'event_id': '97y2lq-2482e807b9d917', 'task_type': 8, 'task_title': '分享', 'status': 0, 'created_at': 1733671734163, 'share': {}, 'save_as': {'is_pack': '0', 'save_as_top_fids': [], 'save_as_select_top_fids': []}}, 'metadata': {'tq_gap': 500}}
INFO task 2024/12/08 11:28:54 PM {'status': 200, 'code': 0, 'message': 'ok', 'timestamp': 1733671734, 'data': {'task_id': '83825448d68a41abb6e0caa6b383fb76', 'event_id': '97y2lq-2482e807b9d917', 'task_type': 8, 'task_title': '分享', 'status': 2, 'created_at': 1733671734163, 'finished_at': 1733671734431, 'share_id': '2a1c2279a3ac4f9aa8962ee07aa20a8e', 'share': {}, 'save_as': {'is_pack': '0', 'save_as_top_fids': [], 'save_as_select_top_fids': []}, 'creation_snapshot': {'success_count': 70, 'failed_count': 0}}, 'metadata': {'tq_gap': 500}}
INFO save_task_id 2024/12/08 11:28:56 PM 获取保存文件的TASKID
INFO save_task_id 2024/12/08 11:28:56 PM {'status': 200, 'code': 0, 'message': 'ok', 'timestamp': 1733671736, 'data': {'task_id': 'e75f1e22e24b4aa0b0462fe64bcf656a'}, 'metadata': {'tq_gap': 500}}
INFO task 2024/12/08 11:28:56 PM 根据TASKID执行任务
INFO task 2024/12/08 11:28:56 PM {'status': 200, 'code': 0, 'message': 'ok', 'timestamp': 1733671736, 'data': {'task_id': 'e75f1e22e24b4aa0b0462fe64bcf656a', 'event_id': '99fmfn-2482e80c10617d', 'task_type': 17, 'task_title': '分享-转存', 'status': 0, 'created_at': 1733671736371, 'share': {}, 'save_as': {'to_pdir_fid': 'ddc51a5bfb7c4ce69e7143f471b5cb51', 'is_pack': '0', 'save_as_top_fids': [], 'save_as_select_top_fids': []}}, 'metadata': {'tq_gap': 500}}
INFO task 2024/12/08 11:28:57 PM {'status': 200, 'code': 0, 'message': 'ok', 'timestamp': 1733671736, 'data': {'task_id': 'e75f1e22e24b4aa0b0462fe64bcf656a', 'event_id': '99fmfn-2482e80c10617d', 'task_type': 17, 'task_title': '分享-转存', 'status': 0, 'created_at': 1733671736371, 'share': {}, 'save_as': {'to_pdir_fid': 'ddc51a5bfb7c4ce69e7143f471b5cb51', 'is_pack': '0', 'save_as_top_fids': [], 'save_as_select_top_fids': []}}, 'metadata': {'tq_gap': 500}}
INFO task 2024/12/08 11:28:57 PM {'status': 200, 'code': 0, 'message': 'ok', 'timestamp': 1733671737, 'data': {'task_id': 'e75f1e22e24b4aa0b0462fe64bcf656a', 'event_id': '99fmfn-2482e80c10617d', 'task_type': 17, 'task_title': '分享-转存', 'status': 2, 'created_at': 1733671736371, 'finished_at': 1733671736977, 'share': {}, 'save_as': {'search_exit': True, 'to_pdir_fid': 'ddc51a5bfb7c4ce69e7143f471b5cb51', 'save_as_sum_num': 67, 'is_pack': '0', 'save_as_top_fids': ['680b28af384d4b7589ff556e21b45be7'], 'save_as_select_top_fids': [], 'to_pdir_name': '影视'}}, 'metadata': {'tq_gap': 500}}
INFO get_dir_file 2024/12/08 11:28:57 PM 正在遍历父文件夹
INFO del_ad_file 2024/12/08 11:28:57 PM 删除可能存在广告的文件
INFO task 2024/12/08 11:28:58 PM 根据TASKID执行任务
INFO task 2024/12/08 11:28:58 PM {'status': 200, 'code': 0, 'message': 'ok', 'timestamp': 1733671738, 'data': {'task_id': '6979c03d908e4ff39321024e105e855d', 'event_id': '97xurg-2482e80ee5f2cb', 'task_type': 8, 'task_title': '分享', 'status': 2, 'created_at': 1733671737878, 'finished_at': 1733671738151, 'share_id': '73767d04f293498a920e467144544748', 'share': {}, 'save_as': {'is_pack': '0', 'save_as_top_fids': [], 'save_as_select_top_fids': []}, 'creation_snapshot': {'success_count': 67, 'failed_count': 0}}, 'metadata': {'tq_gap': 500}}
INFO save_task_id 2024/12/08 11:28:59 PM 获取保存文件的TASKID
INFO save_task_id 2024/12/08 11:28:59 PM {'status': 200, 'code': 0, 'message': 'ok', 'timestamp': 1733671739, 'data': {'task_id': '8b34d8fe7e8d44de9a8ca698c38d75cc'}, 'metadata': {'tq_gap': 500}}
INFO task 2024/12/08 11:28:59 PM 根据TASKID执行任务
INFO task 2024/12/08 11:28:59 PM {'status': 200, 'code': 0, 'message': 'ok', 'timestamp': 1733671739, 'data': {'task_id': '8b34d8fe7e8d44de9a8ca698c38d75cc', 'event_id': '97xwx6-2482e8118c6e80', 'task_type': 17, 'task_title': '分享-转存', 'status': 0, 'created_at': 1733671739248, 'share': {}, 'save_as': {'to_pdir_fid': 'ddc51a5bfb7c4ce69e7143f471b5cb51', 'is_pack': '0', 'save_as_top_fids': [], 'save_as_select_top_fids': []}}, 'metadata': {'tq_gap': 500}}
INFO task 2024/12/08 11:29:00 PM {'status': 200, 'code': 0, 'message': 'ok', 'timestamp': 1733671739, 'data': {'task_id': '8b34d8fe7e8d44de9a8ca698c38d75cc', 'event_id': '97xwx6-2482e8118c6e80', 'task_type': 17, 'task_title': '分享-转存', 'status': 0, 'created_at': 1733671739248, 'share': {}, 'save_as': {'to_pdir_fid': 'ddc51a5bfb7c4ce69e7143f471b5cb51', 'is_pack': '0', 'save_as_top_fids': [], 'save_as_select_top_fids': []}}, 'metadata': {'tq_gap': 500}}
INFO task 2024/12/08 11:29:00 PM {'status': 200, 'code': 0, 'message': 'ok', 'timestamp': 1733671739, 'data': {'task_id': '8b34d8fe7e8d44de9a8ca698c38d75cc', 'event_id': '97xwx6-2482e8118c6e80', 'task_type': 17, 'task_title': '分享-转存', 'status': 0, 'created_at': 1733671739248, 'share': {}, 'save_as': {'to_pdir_fid': 'ddc51a5bfb7c4ce69e7143f471b5cb51', 'is_pack': '0', 'save_as_top_fids': [], 'save_as_select_top_fids': []}}, 'metadata': {'tq_gap': 500}}
INFO task 2024/12/08 11:29:00 PM {'status': 200, 'code': 0, 'message': 'ok', 'timestamp': 1733671740, 'data': {'task_id': '8b34d8fe7e8d44de9a8ca698c38d75cc', 'event_id': '97xwx6-2482e8118c6e80', 'task_type': 17, 'task_title': '分享-转存', 'status': 2, 'created_at': 1733671739248, 'finished_at': 1733671740027, 'share': {}, 'save_as': {'search_exit': True, 'to_pdir_fid': 'ddc51a5bfb7c4ce69e7143f471b5cb51', 'save_as_sum_num': 89, 'is_pack': '0', 'save_as_top_fids': ['d17db8daf86f40088dc7c9ce1f04779f'], 'save_as_select_top_fids': [], 'to_pdir_name': '影视'}}, 'metadata': {'tq_gap': 500}}
INFO get_dir_file 2024/12/08 11:29:00 PM 正在遍历父文件夹
INFO del_ad_file 2024/12/08 11:29:01 PM 删除可能存在广告的文件
INFO task 2024/12/08 11:29:02 PM 根据TASKID执行任务
INFO task 2024/12/08 11:29:02 PM {'status': 200, 'code': 0, 'message': 'ok', 'timestamp': 1733671742, 'data': {'task_id': '78c6786be73c4e64bb87867163bc6191', 'event_id': '99focj-2482e8164677a0', 'task_type': 8, 'task_title': '分享', 'status': 0, 'created_at': 1733671741775, 'share': {}, 'save_as': {'is_pack': '0', 'save_as_top_fids': [], 'save_as_select_top_fids': []}}, 'metadata': {'tq_gap': 500}}
INFO task 2024/12/08 11:29:02 PM {'status': 200, 'code': 0, 'message': 'ok', 'timestamp': 1733671742, 'data': {'task_id': '78c6786be73c4e64bb87867163bc6191', 'event_id': '99focj-2482e8164677a0', 'task_type': 8, 'task_title': '分享', 'status': 2, 'created_at': 1733671741775, 'finished_at': 1733671742030, 'share_id': '7a3e3c7afb59432e9023f93225bf1382', 'share': {}, 'save_as': {'is_pack': '0', 'save_as_top_fids': [], 'save_as_select_top_fids': []}, 'creation_snapshot': {'success_count': 89, 'failed_count': 0}}, 'metadata': {'tq_gap': 500}}
INFO save_task_id 2024/12/08 11:29:03 PM 获取保存文件的TASKID
INFO save_task_id 2024/12/08 11:29:04 PM {'status': 200, 'code': 0, 'message': 'ok', 'timestamp': 1733671743, 'data': {'task_id': 'd472d66349c34fa29468d5c6d4fb8131'}, 'metadata': {'tq_gap': 500}}
INFO task 2024/12/08 11:29:04 PM 根据TASKID执行任务
INFO task 2024/12/08 11:29:04 PM {'status': 200, 'code': 0, 'message': 'ok', 'timestamp': 1733671744, 'data': {'task_id': 'd472d66349c34fa29468d5c6d4fb8131', 'event_id': '99fk48-2482e81acdca29', 'task_type': 17, 'task_title': '分享-转存', 'status': 0, 'created_at': 1733671743920, 'share': {}, 'save_as': {'to_pdir_fid': 'ddc51a5bfb7c4ce69e7143f471b5cb51', 'is_pack': '0', 'save_as_top_fids': [], 'save_as_select_top_fids': []}}, 'metadata': {'tq_gap': 500}}
INFO task 2024/12/08 11:29:04 PM {'status': 200, 'code': 0, 'message': 'ok', 'timestamp': 1733671744, 'data': {'task_id': 'd472d66349c34fa29468d5c6d4fb8131', 'event_id': '99fk48-2482e81acdca29', 'task_type': 17, 'task_title': '分享-转存', 'status': 0, 'created_at': 1733671743920, 'share': {}, 'save_as': {'to_pdir_fid': 'ddc51a5bfb7c4ce69e7143f471b5cb51', 'is_pack': '0', 'save_as_top_fids': [], 'save_as_select_top_fids': []}}, 'metadata': {'tq_gap': 500}}
INFO task 2024/12/08 11:29:05 PM {'status': 200, 'code': 0, 'message': 'ok', 'timestamp': 1733671744, 'data': {'task_id': 'd472d66349c34fa29468d5c6d4fb8131', 'event_id': '99fk48-2482e81acdca29', 'task_type': 17, 'task_title': '分享-转存', 'status': 0, 'created_at': 1733671743920, 'share': {}, 'save_as': {'to_pdir_fid': 'ddc51a5bfb7c4ce69e7143f471b5cb51', 'is_pack': '0', 'save_as_top_fids': [], 'save_as_select_top_fids': []}}, 'metadata': {'tq_gap': 500}}
INFO task 2024/12/08 11:29:05 PM {'status': 200, 'code': 0, 'message': 'ok', 'timestamp': 1733671745, 'data': {'task_id': 'd472d66349c34fa29468d5c6d4fb8131', 'event_id': '99fk48-2482e81acdca29', 'task_type': 17, 'task_title': '分享-转存', 'status': 0, 'created_at': 1733671743920, 'share': {}, 'save_as': {'to_pdir_fid': 'ddc51a5bfb7c4ce69e7143f471b5cb51', 'is_pack': '0', 'save_as_top_fids': [], 'save_as_select_top_fids': []}}, 'metadata': {'tq_gap': 500}}
INFO task 2024/12/08 11:29:26 PM {'status': 200, 'code': 0, 'message': 'ok', 'timestamp': 1733671766, 'data': {'task_id': 'd472d66349c34fa29468d5c6d4fb8131', 'event_id': '99fk48-2482e81acdca29', 'task_type': 17, 'task_title': '分享-转存', 'status': 2, 'created_at': 1733671743920, 'finished_at': 1733671745642, 'share': {}, 'save_as': {'search_exit': True, 'to_pdir_fid': 'ddc51a5bfb7c4ce69e7143f471b5cb51', 'save_as_sum_num': 60, 'is_pack': '0', 'save_as_top_fids': ['46b8f3c9e0f5486695be77fde6fb01c6'], 'save_as_select_top_fids': [], 'to_pdir_name': '影视'}}, 'metadata': {'tq_gap': 500}}
INFO get_dir_file 2024/12/08 11:29:26 PM 正在遍历父文件夹
INFO del_ad_file 2024/12/08 11:29:27 PM 删除可能存在广告的文件
INFO task 2024/12/08 11:29:27 PM 根据TASKID执行任务
INFO task 2024/12/08 11:29:27 PM {'status': 200, 'code': 0, 'message': 'ok', 'timestamp': 1733671767, 'data': {'task_id': '11745774e6b1487dbabd9dcdb463b126', 'event_id': '99ffw1-2482e848ba688e', 'task_type': 8, 'task_title': '分享', 'status': 2, 'created_at': 1733671767459, 'finished_at': 1733671767674, 'share_id': '79b29de2715c468ea4c4843852bac60e', 'share': {}, 'save_as': {'is_pack': '0', 'save_as_top_fids': [], 'save_as_select_top_fids': []}, 'creation_snapshot': {'success_count': 60, 'failed_count': 0}}, 'metadata': {'tq_gap': 500}}
INFO save_task_id 2024/12/08 11:29:28 PM 获取保存文件的TASKID
INFO save_task_id 2024/12/08 11:29:29 PM {'status': 200, 'code': 0, 'message': 'ok', 'timestamp': 1733671768, 'data': {'task_id': 'e94ced07cf3f43ec8244c1637af6e3dd'}, 'metadata': {'tq_gap': 500}}
INFO task 2024/12/08 11:29:29 PM 根据TASKID执行任务
INFO task 2024/12/08 11:29:50 PM {'status': 200, 'code': 0, 'message': 'ok', 'timestamp': 1733671790, 'data': {'task_id': 'e94ced07cf3f43ec8244c1637af6e3dd', 'event_id': '99fk44-2482e84b3fe8b0', 'task_type': 17, 'task_title': '分享-转存', 'status': 2, 'created_at': 1733671768877, 'finished_at': 1733671770278, 'share': {}, 'save_as': {'search_exit': True, 'to_pdir_fid': 'ddc51a5bfb7c4ce69e7143f471b5cb51', 'save_as_sum_num': 63, 'is_pack': '0', 'save_as_top_fids': ['a73acee573f94c43af5a44e408f3e2cd'], 'save_as_select_top_fids': [], 'to_pdir_name': '影视'}}, 'metadata': {'tq_gap': 500}}
INFO get_dir_file 2024/12/08 11:29:50 PM 正在遍历父文件夹
INFO del_ad_file 2024/12/08 11:29:50 PM 删除可能存在广告的文件
INFO task 2024/12/08 11:29:51 PM 根据TASKID执行任务
INFO task 2024/12/08 11:29:51 PM {'status': 200, 'code': 0, 'message': 'ok', 'timestamp': 1733671791, 'data': {'task_id': '6e8b21d8d1434dfd8500f78c4a6ac343', 'event_id': '97xvxv-2482e876aa4087', 'task_type': 8, 'task_title': '分享', 'status': 2, 'created_at': 1733671791028, 'finished_at': 1733671791150, 'share_id': '07474512239740bab3b3df438d8829e6', 'share': {}, 'save_as': {'is_pack': '0', 'save_as_top_fids': [], 'save_as_select_top_fids': []}, 'creation_snapshot': {'success_count': 63, 'failed_count': 0}}, 'metadata': {'tq_gap': 500}}
INFO save_task_id 2024/12/08 11:29:52 PM 获取保存文件的TASKID
INFO save_task_id 2024/12/08 11:29:52 PM {'status': 200, 'code': 0, 'message': 'ok', 'timestamp': 1733671792, 'data': {'task_id': '44b007171fbe4e6eae468db58d91e7e8'}, 'metadata': {'tq_gap': 500}}
INFO task 2024/12/08 11:29:52 PM 根据TASKID执行任务
INFO task 2024/12/08 11:29:53 PM {'status': 200, 'code': 0, 'message': 'ok', 'timestamp': 1733671792, 'data': {'task_id': '44b007171fbe4e6eae468db58d91e7e8', 'event_id': '97y42j-2482e8795a5dd6', 'task_type': 17, 'task_title': '分享-转存', 'status': 0, 'created_at': 1733671792345, 'share': {}, 'save_as': {'to_pdir_fid': 'ddc51a5bfb7c4ce69e7143f471b5cb51', 'is_pack': '0', 'save_as_top_fids': [], 'save_as_select_top_fids': []}}, 'metadata': {'tq_gap': 500}}
INFO task 2024/12/08 11:29:53 PM {'status': 200, 'code': 0, 'message': 'ok', 'timestamp': 1733671792, 'data': {'task_id': '44b007171fbe4e6eae468db58d91e7e8', 'event_id': '97y42j-2482e8795a5dd6', 'task_type': 17, 'task_title': '分享-转存', 'status': 0, 'created_at': 1733671792345, 'share': {}, 'save_as': {'to_pdir_fid': 'ddc51a5bfb7c4ce69e7143f471b5cb51', 'is_pack': '0', 'save_as_top_fids': [], 'save_as_select_top_fids': []}}, 'metadata': {'tq_gap': 500}}
INFO task 2024/12/08 11:29:53 PM {'status': 200, 'code': 0, 'message': 'ok', 'timestamp': 1733671793, 'data': {'task_id': '44b007171fbe4e6eae468db58d91e7e8', 'event_id': '97y42j-2482e8795a5dd6', 'task_type': 17, 'task_title': '分享-转存', 'status': 0, 'created_at': 1733671792345, 'share': {}, 'save_as': {'to_pdir_fid': 'ddc51a5bfb7c4ce69e7143f471b5cb51', 'is_pack': '0', 'save_as_top_fids': [], 'save_as_select_top_fids': []}}, 'metadata': {'tq_gap': 500}}
INFO task 2024/12/08 11:29:53 PM {'status': 200, 'code': 0, 'message': 'ok', 'timestamp': 1733671793, 'data': {'task_id': '44b007171fbe4e6eae468db58d91e7e8', 'event_id': '97y42j-2482e8795a5dd6', 'task_type': 17, 'task_title': '分享-转存', 'status': 0, 'created_at': 1733671792345, 'share': {}, 'save_as': {'to_pdir_fid': 'ddc51a5bfb7c4ce69e7143f471b5cb51', 'is_pack': '0', 'save_as_top_fids': [], 'save_as_select_top_fids': []}}, 'metadata': {'tq_gap': 500}}
INFO task 2024/12/08 11:29:53 PM {'status': 200, 'code': 0, 'message': 'ok', 'timestamp': 1733671793, 'data': {'task_id': '44b007171fbe4e6eae468db58d91e7e8', 'event_id': '97y42j-2482e8795a5dd6', 'task_type': 17, 'task_title': '分享-转存', 'status': 2, 'created_at': 1733671792345, 'finished_at': 1733671793507, 'share': {}, 'save_as': {'search_exit': True, 'to_pdir_fid': 'ddc51a5bfb7c4ce69e7143f471b5cb51', 'save_as_sum_num': 23, 'is_pack': '0', 'save_as_top_fids': ['a64bd4669b2f4c9f873839e751560698'], 'save_as_select_top_fids': [], 'to_pdir_name': '影视'}}, 'metadata': {'tq_gap': 500}}
INFO get_dir_file 2024/12/08 11:29:53 PM 正在遍历父文件夹
INFO del_ad_file 2024/12/08 11:29:54 PM 删除可能存在广告的文件
INFO task 2024/12/08 11:29:54 PM 根据TASKID执行任务
INFO task 2024/12/08 11:29:54 PM {'status': 200, 'code': 0, 'message': 'ok', 'timestamp': 1733671794, 'data': {'task_id': '72d92f8a0adb4f67941b68d55c13abce', 'event_id': '99fiko-2482e87cfff0bf', 'task_type': 8, 'task_title': '分享', 'status': 0, 'created_at': 1733671794315, 'share': {}, 'save_as': {'is_pack': '0', 'save_as_top_fids': [], 'save_as_select_top_fids': []}}, 'metadata': {'tq_gap': 500}}
INFO task 2024/12/08 11:29:55 PM {'status': 200, 'code': 0, 'message': 'ok', 'timestamp': 1733671795, 'data': {'task_id': '72d92f8a0adb4f67941b68d55c13abce', 'event_id': '99fiko-2482e87cfff0bf', 'task_type': 8, 'task_title': '分享', 'status': 2, 'created_at': 1733671794315, 'finished_at': 1733671794614, 'share_id': '2095d3fb03fa4900b185d67597a4ec9b', 'share': {}, 'save_as': {'is_pack': '0', 'save_as_top_fids': [], 'save_as_select_top_fids': []}, 'creation_snapshot': {'success_count': 23, 'failed_count': 0}}, 'metadata': {'tq_gap': 500}}
INFO save_task_id 2024/12/08 11:29:57 PM 获取保存文件的TASKID
INFO save_task_id 2024/12/08 11:30:18 PM {'status': 200, 'code': 0, 'message': 'ok', 'timestamp': 1733671817, 'data': {'task_id': '639f30b4051a45a0b815a10315404b43'}, 'metadata': {'tq_gap': 500}}
INFO task 2024/12/08 11:30:18 PM 根据TASKID执行任务
INFO task 2024/12/08 11:30:18 PM {'status': 200, 'code': 0, 'message': 'ok', 'timestamp': 1733671818, 'data': {'task_id': '639f30b4051a45a0b815a10315404b43', 'event_id': '99fljn-2482e8ab61f6a1', 'task_type': 17, 'task_title': '分享-转存', 'status': 0, 'created_at': 1733671817947, 'share': {}, 'save_as': {'to_pdir_fid': 'ddc51a5bfb7c4ce69e7143f471b5cb51', 'is_pack': '0', 'save_as_top_fids': [], 'save_as_select_top_fids': []}}, 'metadata': {'tq_gap': 500}}
INFO task 2024/12/08 11:30:18 PM {'status': 200, 'code': 0, 'message': 'ok', 'timestamp': 1733671818, 'data': {'task_id': '639f30b4051a45a0b815a10315404b43', 'event_id': '99fljn-2482e8ab61f6a1', 'task_type': 17, 'task_title': '分享-转存', 'status': 0, 'created_at': 1733671817947, 'share': {}, 'save_as': {'to_pdir_fid': 'ddc51a5bfb7c4ce69e7143f471b5cb51', 'is_pack': '0', 'save_as_top_fids': [], 'save_as_select_top_fids': []}}, 'metadata': {'tq_gap': 500}}
INFO task 2024/12/08 11:30:18 PM {'status': 200, 'code': 0, 'message': 'ok', 'timestamp': 1733671818, 'data': {'task_id': '639f30b4051a45a0b815a10315404b43', 'event_id': '99fljn-2482e8ab61f6a1', 'task_type': 17, 'task_title': '分享-转存', 'status': 0, 'created_at': 1733671817947, 'share': {}, 'save_as': {'to_pdir_fid': 'ddc51a5bfb7c4ce69e7143f471b5cb51', 'is_pack': '0', 'save_as_top_fids': [], 'save_as_select_top_fids': []}}, 'metadata': {'tq_gap': 500}}
INFO task 2024/12/08 11:30:19 PM {'status': 200, 'code': 0, 'message': 'ok', 'timestamp': 1733671818, 'data': {'task_id': '639f30b4051a45a0b815a10315404b43', 'event_id': '99fljn-2482e8ab61f6a1', 'task_type': 17, 'task_title': '分享-转存', 'status': 2, 'created_at': 1733671817947, 'finished_at': 1733671818702, 'share': {}, 'save_as': {'search_exit': True, 'to_pdir_fid': 'ddc51a5bfb7c4ce69e7143f471b5cb51', 'save_as_sum_num': 72, 'is_pack': '0', 'save_as_top_fids': ['24aff8bb0e0c484aaf150b9a04d0222e'], 'save_as_select_top_fids': [], 'to_pdir_name': '影视'}}, 'metadata': {'tq_gap': 500}}
INFO get_dir_file 2024/12/08 11:30:19 PM 正在遍历父文件夹
INFO del_ad_file 2024/12/08 11:30:20 PM 删除可能存在广告的文件
INFO task 2024/12/08 11:30:20 PM 根据TASKID执行任务
INFO task 2024/12/08 11:30:20 PM {'status': 200, 'code': 0, 'message': 'ok', 'timestamp': 1733671820, 'data': {'task_id': 'af142a928f474dcf85975daa0c7f54a2', 'event_id': '97y2k4-2482e8affcc7bc', 'task_type': 8, 'task_title': '分享', 'status': 2, 'created_at': 1733671820340, 'finished_at': 1733671820565, 'share_id': '4027aaa9979b4338ab0f1c1ae52cbcdd', 'share': {}, 'save_as': {'is_pack': '0', 'save_as_top_fids': [], 'save_as_select_top_fids': []}, 'creation_snapshot': {'success_count': 72, 'failed_count': 0}}, 'metadata': {'tq_gap': 500}}
INFO save_task_id 2024/12/08 11:30:22 PM 获取保存文件的TASKID
INFO save_task_id 2024/12/08 11:30:22 PM {'status': 200, 'code': 0, 'message': 'ok', 'timestamp': 1733671822, 'data': {'task_id': '8fb1058b631c4aadbb06848481397c0e'}, 'metadata': {'tq_gap': 500}}
INFO task 2024/12/08 11:30:22 PM 根据TASKID执行任务
INFO task 2024/12/08 11:30:22 PM {'status': 200, 'code': 0, 'message': 'ok', 'timestamp': 1733671822, 'data': {'task_id': '8fb1058b631c4aadbb06848481397c0e', 'event_id': '99ksth-2482e8b3e2a4aa', 'task_type': 17, 'task_title': '分享-转存', 'status': 0, 'created_at': 1733671822300, 'share': {}, 'save_as': {'to_pdir_fid': 'ddc51a5bfb7c4ce69e7143f471b5cb51', 'is_pack': '0', 'save_as_top_fids': [], 'save_as_select_top_fids': []}}, 'metadata': {'tq_gap': 500}}
INFO task 2024/12/08 11:30:23 PM {'status': 200, 'code': 0, 'message': 'ok', 'timestamp': 1733671822, 'data': {'task_id': '8fb1058b631c4aadbb06848481397c0e', 'event_id': '99ksth-2482e8b3e2a4aa', 'task_type': 17, 'task_title': '分享-转存', 'status': 0, 'created_at': 1733671822300, 'share': {}, 'save_as': {'to_pdir_fid': 'ddc51a5bfb7c4ce69e7143f471b5cb51', 'is_pack': '0', 'save_as_top_fids': [], 'save_as_select_top_fids': []}}, 'metadata': {'tq_gap': 500}}
INFO task 2024/12/08 11:30:23 PM {'status': 200, 'code': 0, 'message': 'ok', 'timestamp': 1733671823, 'data': {'task_id': '8fb1058b631c4aadbb06848481397c0e', 'event_id': '99ksth-2482e8b3e2a4aa', 'task_type': 17, 'task_title': '分享-转存', 'status': 2, 'created_at': 1733671822300, 'finished_at': 1733671822979, 'share': {}, 'save_as': {'search_exit': True, 'to_pdir_fid': 'ddc51a5bfb7c4ce69e7143f471b5cb51', 'save_as_sum_num': 74, 'is_pack': '0', 'save_as_top_fids': ['1d8f3764fb12492fa2f14e0196739993'], 'save_as_select_top_fids': [], 'to_pdir_name': '影视'}}, 'metadata': {'tq_gap': 500}}
INFO get_dir_file 2024/12/08 11:30:23 PM 正在遍历父文件夹
INFO del_ad_file 2024/12/08 11:30:44 PM 删除可能存在广告的文件
INFO task 2024/12/08 11:30:45 PM 根据TASKID执行任务
INFO task 2024/12/08 11:30:45 PM {'status': 200, 'code': 0, 'message': 'ok', 'timestamp': 1733671845, 'data': {'task_id': '551c9129832d4fbfbe261dd4c688c316', 'event_id': '99f9zk-2482e8e02e9dfa', 'task_type': 8, 'task_title': '分享', 'status': 0, 'created_at': 1733671844986, 'share': {}, 'save_as': {'is_pack': '0', 'save_as_top_fids': [], 'save_as_select_top_fids': []}}, 'metadata': {'tq_gap': 500}}
INFO task 2024/12/08 11:30:45 PM {'status': 200, 'code': 0, 'message': 'ok', 'timestamp': 1733671845, 'data': {'task_id': '551c9129832d4fbfbe261dd4c688c316', 'event_id': '99f9zk-2482e8e02e9dfa', 'task_type': 8, 'task_title': '分享', 'status': 0, 'created_at': 1733671844986, 'share': {}, 'save_as': {'is_pack': '0', 'save_as_top_fids': [], 'save_as_select_top_fids': []}}, 'metadata': {'tq_gap': 500}}
INFO task 2024/12/08 11:30:46 PM {'status': 200, 'code': 0, 'message': 'ok', 'timestamp': 1733671845, 'data': {'task_id': '551c9129832d4fbfbe261dd4c688c316', 'event_id': '99f9zk-2482e8e02e9dfa', 'task_type': 8, 'task_title': '分享', 'status': 0, 'created_at': 1733671844986, 'share': {}, 'save_as': {'is_pack': '0', 'save_as_top_fids': [], 'save_as_select_top_fids': []}}, 'metadata': {'tq_gap': 500}}
INFO task 2024/12/08 11:30:46 PM {'status': 200, 'code': 0, 'message': 'ok', 'timestamp': 1733671845, 'data': {'task_id': '551c9129832d4fbfbe261dd4c688c316', 'event_id': '99f9zk-2482e8e02e9dfa', 'task_type': 8, 'task_title': '分享', 'status': 0, 'created_at': 1733671844986, 'share': {}, 'save_as': {'is_pack': '0', 'save_as_top_fids': [], 'save_as_select_top_fids': []}}, 'metadata': {'tq_gap': 500}}
INFO task 2024/12/08 11:30:46 PM {'status': 200, 'code': 0, 'message': 'ok', 'timestamp': 1733671846, 'data': {'task_id': '551c9129832d4fbfbe261dd4c688c316', 'event_id': '99f9zk-2482e8e02e9dfa', 'task_type': 8, 'task_title': '分享', 'status': 0, 'created_at': 1733671844986, 'share': {}, 'save_as': {'is_pack': '0', 'save_as_top_fids': [], 'save_as_select_top_fids': []}}, 'metadata': {'tq_gap': 500}}
INFO task 2024/12/08 11:30:46 PM {'status': 200, 'code': 0, 'message': 'ok', 'timestamp': 1733671846, 'data': {'task_id': '551c9129832d4fbfbe261dd4c688c316', 'event_id': '99f9zk-2482e8e02e9dfa', 'task_type': 8, 'task_title': '分享', 'status': 0, 'created_at': 1733671844986, 'share': {}, 'save_as': {'is_pack': '0', 'save_as_top_fids': [], 'save_as_select_top_fids': []}}, 'metadata': {'tq_gap': 500}}
INFO task 2024/12/08 11:30:46 PM {'status': 200, 'code': 0, 'message': 'ok', 'timestamp': 1733671846, 'data': {'task_id': '551c9129832d4fbfbe261dd4c688c316', 'event_id': '99f9zk-2482e8e02e9dfa', 'task_type': 8, 'task_title': '分享', 'status': 0, 'created_at': 1733671844986, 'share': {}, 'save_as': {'is_pack': '0', 'save_as_top_fids': [], 'save_as_select_top_fids': []}}, 'metadata': {'tq_gap': 500}}
INFO task 2024/12/08 11:30:47 PM {'status': 200, 'code': 0, 'message': 'ok', 'timestamp': 1733671846, 'data': {'task_id': '551c9129832d4fbfbe261dd4c688c316', 'event_id': '99f9zk-2482e8e02e9dfa', 'task_type': 8, 'task_title': '分享', 'status': 0, 'created_at': 1733671844986, 'share': {}, 'save_as': {'is_pack': '0', 'save_as_top_fids': [], 'save_as_select_top_fids': []}}, 'metadata': {'tq_gap': 500}}
INFO task 2024/12/08 11:30:47 PM {'status': 200, 'code': 0, 'message': 'ok', 'timestamp': 1733671847, 'data': {'task_id': '551c9129832d4fbfbe261dd4c688c316', 'event_id': '99f9zk-2482e8e02e9dfa', 'task_type': 8, 'task_title': '分享', 'status': 0, 'created_at': 1733671844986, 'share': {}, 'save_as': {'is_pack': '0', 'save_as_top_fids': [], 'save_as_select_top_fids': []}}, 'metadata': {'tq_gap': 500}}
INFO task 2024/12/08 11:30:47 PM {'status': 200, 'code': 0, 'message': 'ok', 'timestamp': 1733671847, 'data': {'task_id': '551c9129832d4fbfbe261dd4c688c316', 'event_id': '99f9zk-2482e8e02e9dfa', 'task_type': 8, 'task_title': '分享', 'status': 0, 'created_at': 1733671844986, 'share': {}, 'save_as': {'is_pack': '0', 'save_as_top_fids': [], 'save_as_select_top_fids': []}}, 'metadata': {'tq_gap': 500}}
